Drill report for C:\Projects\typec-charger\ECAD\TypeC-DC-Charger.kicad_pcb
Created on 6/5/2017 10:19:14 AM

Copper Layer Stackup:
    =============================================================
    L1 :  F.Cu                      front
    L2 :  In1.Cu                    inner1
    L3 :  In2.Cu                    inner2
    L4 :  B.Cu                      back


Drill file 'TypeC-DC-Charger-PTH.drl' contains
    plated through holes:
    =============================================================
    T1  0.30mm  0.012"  (1 hole)
    T2  0.35mm  0.014"  (79 holes)
    T3  0.40mm  0.016"  (121 holes)
    T4  0.60mm  0.024"  (4 holes)  (with 4 slots)

    Total plated holes count 205


Drill file 'TypeC-DC-Charger-NPTH.drl' contains
    unplated through holes:
    =============================================================
    T1  0.70mm  0.028"  (2 holes)  (with 2 slots)

    Total unplated holes count 2
